{"/Users/diogocezar/www/github/class-check/class-check-backend/src/shared/prisma.service.ts": {"path":"/Users/diogocezar/www/github/class-check/class-check-backend/src/shared/prisma.service.ts","statementMap":{"0":{"start":{"line":1,"column":0},"end":{"line":1,"column":null}},"1":{"start":{"line":7,"column":0},"end":{"line":7,"column":46}},"2":{"start":{"line":10,"column":0},"end":{"line":20,"column":null}},"3":{"start":{"line":12,"column":4},"end":{"line":12,"column":26}},"4":{"start":{"line":16,"column":4},"end":{"line":18,"column":7}},"5":{"start":{"line":17,"column":6},"end":{"line":17,"column":24}},"6":{"start":{"line":10,"column":13},"end":{"line":20,"column":null}},"7":{"start":{"line":10,"column":13},"end":{"line":10,"column":26}}},"fnMap":{"0":{"name":"(anonymous_1)","decl":{"start":{"line":11,"column":2},"end":{"line":11,"column":7}},"loc":{"start":{"line":11,"column":20},"end":{"line":13,"column":3}}},"1":{"name":"(anonymous_2)","decl":{"start":{"line":15,"column":2},"end":{"line":15,"column":7}},"loc":{"start":{"line":15,"column":49},"end":{"line":19,"column":3}}},"2":{"name":"(anonymous_3)","decl":{"start":{"line":16,"column":27},"end":{"line":16,"column":32}},"loc":{"start":{"line":16,"column":38},"end":{"line":18,"column":5}}}},"branchMap":{},"s":{"0":1,"1":1,"2":1,"3":0,"4":0,"5":0,"6":1,"7":1},"f":{"0":0,"1":0,"2":0},"b":{}}
,"/Users/diogocezar/www/github/class-check/class-check-backend/src/teachers/teachers.controller.ts": {"path":"/Users/diogocezar/www/github/class-check/class-check-backend/src/teachers/teachers.controller.ts","statementMap":{"0":{"start":{"line":1,"column":0},"end":{"line":1,"column":61}},"1":{"start":{"line":2,"column":0},"end":{"line":2,"column":53}},"2":{"start":{"line":6,"column":0},"end":{"line":18,"column":null}},"3":{"start":{"line":7,"column":22},"end":{"line":7,"column":38}},"4":{"start":{"line":11,"column":4},"end":{"line":11,"column":51}},"5":{"start":{"line":16,"column":4},"end":{"line":16,"column":40}},"6":{"start":{"line":10,"column":2},"end":{"line":12,"column":null}},"7":{"start":{"line":15,"column":2},"end":{"line":17,"column":null}},"8":{"start":{"line":6,"column":13},"end":{"line":18,"column":null}},"9":{"start":{"line":6,"column":13},"end":{"line":6,"column":31}}},"fnMap":{"0":{"name":"(anonymous_4)","decl":{"start":{"line":7,"column":2},"end":{"line":7,"column":22}},"loc":{"start":{"line":7,"column":53},"end":{"line":7,"column":57}}},"1":{"name":"(anonymous_5)","decl":{"start":{"line":10,"column":2},"end":{"line":10,"column":7}},"loc":{"start":{"line":10,"column":52},"end":{"line":12,"column":3}}},"2":{"name":"(anonymous_6)","decl":{"start":{"line":15,"column":2},"end":{"line":15,"column":7}},"loc":{"start":{"line":15,"column":14},"end":{"line":17,"column":3}}}},"branchMap":{},"s":{"0":1,"1":1,"2":1,"3":2,"4":1,"5":1,"6":1,"7":1,"8":1,"9":1},"f":{"0":2,"1":1,"2":1},"b":{}}
,"/Users/diogocezar/www/github/class-check/class-check-backend/src/teachers/teachers.service.ts": {"path":"/Users/diogocezar/www/github/class-check/class-check-backend/src/teachers/teachers.service.ts","statementMap":{"0":{"start":{"line":1,"column":0},"end":{"line":1,"column":44}},"1":{"start":{"line":2,"column":0},"end":{"line":2,"column":57}},"2":{"start":{"line":6,"column":0},"end":{"line":60,"column":null}},"3":{"start":{"line":7,"column":22},"end":{"line":7,"column":30}},"4":{"start":{"line":12,"column":4},"end":{"line":14,"column":7}},"5":{"start":{"line":35,"column":4},"end":{"line":35,"column":42}},"6":{"start":{"line":39,"column":4},"end":{"line":41,"column":7}},"7":{"start":{"line":48,"column":28},"end":{"line":48,"column":34}},"8":{"start":{"line":49,"column":4},"end":{"line":52,"column":7}},"9":{"start":{"line":56,"column":4},"end":{"line":58,"column":7}},"10":{"start":{"line":6,"column":13},"end":{"line":60,"column":null}},"11":{"start":{"line":6,"column":13},"end":{"line":6,"column":28}}},"fnMap":{"0":{"name":"(anonymous_2)","decl":{"start":{"line":7,"column":2},"end":{"line":7,"column":22}},"loc":{"start":{"line":7,"column":43},"end":{"line":7,"column":47}}},"1":{"name":"(anonymous_3)","decl":{"start":{"line":9,"column":2},"end":{"line":9,"column":7}},"loc":{"start":{"line":10,"column":59},"end":{"line":15,"column":3}}},"2":{"name":"(anonymous_4)","decl":{"start":{"line":34,"column":2},"end":{"line":34,"column":7}},"loc":{"start":{"line":34,"column":14},"end":{"line":36,"column":3}}},"3":{"name":"(anonymous_5)","decl":{"start":{"line":38,"column":2},"end":{"line":38,"column":7}},"loc":{"start":{"line":38,"column":46},"end":{"line":42,"column":3}}},"4":{"name":"(anonymous_6)","decl":{"start":{"line":44,"column":2},"end":{"line":44,"column":7}},"loc":{"start":{"line":47,"column":3},"end":{"line":53,"column":3}}},"5":{"name":"(anonymous_7)","decl":{"start":{"line":55,"column":2},"end":{"line":55,"column":7}},"loc":{"start":{"line":55,"column":52},"end":{"line":59,"column":3}}}},"branchMap":{},"s":{"0":1,"1":1,"2":1,"3":0,"4":0,"5":0,"6":0,"7":0,"8":0,"9":0,"10":1,"11":1},"f":{"0":0,"1":0,"2":0,"3":0,"4":0,"5":0},"b":{}}
}
